<robot generator="Robot 6.1.1 (Python 3.12.0 on win32)" generated="20240112 08:57:25.082" rpa="false" schemaversion="4">
<statistics>
<total>
<stat pass="1" fail="0" skip="0">All Tests</stat>
</total>
<tag>
</tag>
<suite>
<stat pass="1" fail="0" skip="0" id="s1" name="Booking">Booking</stat>
</suite>
</statistics>
<suite name="Suites" id="s0"><suite id="s1" name="Booking Windows, 11, Firefox, latest-beta" source="C:\Users\benja\Documents\GitHub\test\hotel-v3 utility test\Booking.robot">
<test id="s1-t1" name="hotel-v3 guest login" line="10">
<kw name="Open Browser" library="Selenium2Library">
<arg>http://hotel-v3.progmasters.hu</arg>
<arg>chrome</arg>
<doc>Opens a new browser instance to the optional ``url``.</doc>
<msg timestamp="20240112 08:57:25.152" level="INFO">Opening browser 'chrome' to base url 'http://hotel-v3.progmasters.hu'.</msg>
<msg timestamp="20240112 08:57:25.504" level="INFO">Completed setup!</msg>
<status status="PASS" starttime="20240112 08:57:25.152" endtime="20240112 08:57:46.996" />
</kw>
<kw name="Maximize Browser Window" library="Selenium2Library">
<doc>Maximizes current browser window.</doc>
<status status="PASS" starttime="20240112 08:57:46.996" endtime="20240112 08:57:47.438" />
</kw>
<kw name="Click Element" library="Selenium2Library">
<arg>${LOGIN-BUTTON}</arg>
<doc>Click the element identified by ``locator``.</doc>
<msg timestamp="20240112 08:57:47.440" level="INFO">Clicking element '//*[@id="navbar"]/ul/li[2]/a'.</msg>
<status status="PASS" starttime="20240112 08:57:47.438" endtime="20240112 08:57:47.889" />
</kw>
<kw name="Input Text" library="Selenium2Library">
<arg>//*[@id="email"]</arg>
<arg>${LOGIN-Credentials-GUEST}[0]</arg>
<doc>Types the given ``text`` into the text field identified by ``locator``.</doc>
<msg timestamp="20240112 08:57:47.891" level="INFO">Typing text 'hogap65094@zamaneta.com' into text field '//*[@id="email"]'.</msg>
<status status="PASS" starttime="20240112 08:57:47.890" endtime="20240112 08:57:48.236" />
</kw>
<kw name="Input Text" library="Selenium2Library">
<arg>//*[@id="password"]</arg>
<arg>${LOGIN-Credentials-GUEST}[1]</arg>
<doc>Types the given ``text`` into the text field identified by ``locator``.</doc>
<msg timestamp="20240112 08:57:48.238" level="INFO">Typing text '1234' into text field '//*[@id="password"]'.</msg>
<status status="PASS" starttime="20240112 08:57:48.237" endtime="20240112 08:57:48.546" />
</kw>
<kw name="Click Element" library="Selenium2Library">
<arg>//*[@id="loginMember"]/div[3]/div/button</arg>
<doc>Click the element identified by ``locator``.</doc>
<msg timestamp="20240112 08:57:48.547" level="INFO">Clicking element '//*[@id="loginMember"]/div[3]/div/button'.</msg>
<status status="PASS" starttime="20240112 08:57:48.546" endtime="20240112 08:57:49.119" />
</kw>
<kw name="Capture Page Screenshot" library="Selenium2Library">
<doc>Takes a screenshot of the current page and embeds it into a log file.</doc>
<msg timestamp="20240112 08:57:50.035" level="INFO" html="true">&lt;/td&gt;&lt;/tr&gt;&lt;tr&gt;&lt;td colspan="3"&gt;&lt;a href="selenium-screenshot-1.png"&gt;&lt;img src="selenium-screenshot-1.png" width="800px"&gt;&lt;/a&gt;</msg>
<status status="PASS" starttime="20240112 08:57:49.119" endtime="20240112 08:57:50.035" />
</kw>
<status status="PASS" starttime="20240112 08:57:25.150" endtime="20240112 08:57:50.036" />
</test>
<status status="PASS" starttime="20240112 08:57:25.087" endtime="20240112 08:57:50.635" />
</suite>
<status status="PASS" starttime="20240112 08:57:25.087" endtime="20240112 08:57:50.635" />
</suite><errors>
</errors>
</robot>